<?xml version="1.0" encoding="UTF-8"?>
<coverage generated="1586392749653" clover="3.2.0">
  <project timestamp="1586392749653" name="All files">
    <metrics statements="97" coveredstatements="86" conditionals="26" coveredconditionals="23" methods="17" coveredmethods="9" elements="140" coveredelements="118" complexity="0" loc="97" ncloc="97" packages="1" files="4" classes="4"/>
    <file name="clipboard-management.js" path="/Users/gablaroc/code/personal/recipe-ipsum/src/js/clipboard-management.js">
      <metrics statements="18" coveredstatements="7" conditionals="0" coveredconditionals="0" methods="8" coveredmethods="0"/>
      <line num="3" count="4" type="stmt"/>
      <line num="5" count="0" type="stmt"/>
      <line num="9" count="4" type="stmt"/>
      <line num="11" count="0" type="stmt"/>
      <line num="15" count="4" type="stmt"/>
      <line num="17" count="0" type="stmt"/>
      <line num="18" count="0" type="stmt"/>
      <line num="19" count="0" type="stmt"/>
      <line num="23" count="4" type="stmt"/>
      <line num="24" count="0" type="stmt"/>
      <line num="26" count="0" type="stmt"/>
      <line num="27" count="0" type="stmt"/>
      <line num="31" count="4" type="stmt"/>
      <line num="32" count="0" type="stmt"/>
      <line num="35" count="4" type="stmt"/>
      <line num="36" count="0" type="stmt"/>
      <line num="39" count="4" type="stmt"/>
      <line num="40" count="0" type="stmt"/>
    </file>
    <file name="fraction.js" path="/Users/gablaroc/code/personal/recipe-ipsum/src/js/fraction.js">
      <metrics statements="11" coveredstatements="11" conditionals="2" coveredconditionals="2" methods="2" coveredmethods="2"/>
      <line num="1" count="4" type="stmt"/>
      <line num="2" count="49" type="cond" truecount="2" falsecount="0"/>
      <line num="4" count="34" type="stmt"/>
      <line num="7" count="4" type="stmt"/>
      <line num="8" count="15" type="stmt"/>
      <line num="10" count="15" type="stmt"/>
      <line num="11" count="15" type="stmt"/>
      <line num="13" count="15" type="stmt"/>
      <line num="15" count="15" type="stmt"/>
      <line num="16" count="15" type="stmt"/>
      <line num="18" count="15" type="stmt"/>
    </file>
    <file name="index.js" path="/Users/gablaroc/code/personal/recipe-ipsum/src/js/index.js">
      <metrics statements="64" coveredstatements="64" conditionals="24" coveredconditionals="21" methods="7" coveredmethods="7"/>
      <line num="11" count="4" type="stmt"/>
      <line num="12" count="81" type="stmt"/>
      <line num="15" count="4" type="stmt"/>
      <line num="16" count="4" type="stmt"/>
      <line num="17" count="4" type="stmt"/>
      <line num="19" count="4" type="stmt"/>
      <line num="20" count="4" type="stmt"/>
      <line num="21" count="4" type="stmt"/>
      <line num="22" count="4" type="stmt"/>
      <line num="24" count="4" type="stmt"/>
      <line num="25" count="4" type="stmt"/>
      <line num="27" count="4" type="stmt"/>
      <line num="28" count="2" type="stmt"/>
      <line num="29" count="2" type="stmt"/>
      <line num="30" count="2" type="stmt"/>
      <line num="32" count="2" type="cond" truecount="2" falsecount="0"/>
      <line num="33" count="2" type="cond" truecount="2" falsecount="0"/>
      <line num="35" count="2" type="stmt"/>
      <line num="36" count="2" type="stmt"/>
      <line num="38" count="2" type="stmt"/>
      <line num="39" count="15" type="stmt"/>
      <line num="42" count="2" type="stmt"/>
      <line num="43" count="10" type="stmt"/>
      <line num="46" count="2" type="stmt"/>
      <line num="47" count="2" type="stmt"/>
      <line num="48" count="2" type="stmt"/>
      <line num="51" count="4" type="stmt"/>
      <line num="52" count="2" type="stmt"/>
      <line num="53" count="2" type="stmt"/>
      <line num="54" count="2" type="stmt"/>
      <line num="55" count="15" type="stmt"/>
      <line num="56" count="15" type="stmt"/>
      <line num="57" count="15" type="cond" truecount="6" falsecount="0"/>
      <line num="58" count="15" type="stmt"/>
      <line num="59" count="15" type="stmt"/>
      <line num="60" count="15" type="cond" truecount="1" falsecount="1"/>
      <line num="61" count="15" type="stmt"/>
      <line num="64" count="15" type="stmt"/>
      <line num="70" count="2" type="stmt"/>
      <line num="73" count="4" type="stmt"/>
      <line num="74" count="15" type="stmt"/>
      <line num="75" count="15" type="stmt"/>
      <line num="76" count="15" type="stmt"/>
      <line num="79" count="15" type="cond" truecount="2" falsecount="0"/>
      <line num="80" count="8" type="cond" truecount="1" falsecount="1"/>
      <line num="82" count="7" type="cond" truecount="2" falsecount="0"/>
      <line num="85" count="15" type="stmt"/>
      <line num="88" count="4" type="stmt"/>
      <line num="89" count="2" type="stmt"/>
      <line num="90" count="2" type="stmt"/>
      <line num="92" count="2" type="stmt"/>
      <line num="93" count="10" type="stmt"/>
      <line num="94" count="10" type="stmt"/>
      <line num="96" count="10" type="cond" truecount="1" falsecount="1"/>
      <line num="97" count="10" type="stmt"/>
      <line num="100" count="10" type="cond" truecount="2" falsecount="0"/>
      <line num="101" count="6" type="stmt"/>
      <line num="102" count="6" type="stmt"/>
      <line num="103" count="134" type="cond" truecount="2" falsecount="0"/>
      <line num="104" count="26" type="stmt"/>
      <line num="108" count="6" type="stmt"/>
      <line num="111" count="10" type="stmt"/>
      <line num="114" count="2" type="stmt"/>
      <line num="117" count="4" type="stmt"/>
    </file>
    <file name="words.js" path="/Users/gablaroc/code/personal/recipe-ipsum/src/js/words.js">
      <metrics statements="4" coveredstatements="4" conditionals="0" coveredconditionals="0" methods="0" coveredmethods="0"/>
      <line num="1" count="4" type="stmt"/>
      <line num="5" count="4" type="stmt"/>
      <line num="12" count="4" type="stmt"/>
      <line num="26" count="4" type="stmt"/>
    </file>
  </project>
</coverage>
