{"/Users/gablaroc/code/personal/recipe-ipsum/src/js/clipboard-management.js": {"path":"/Users/gablaroc/code/personal/recipe-ipsum/src/js/clipboard-management.js","statementMap":{"0":{"start":{"line":3,"column":24},"end":{"line":7,"column":2}},"1":{"start":{"line":5,"column":8},"end":{"line":5,"column":70}},"2":{"start":{"line":9,"column":18},"end":{"line":13,"column":2}},"3":{"start":{"line":11,"column":8},"end":{"line":11,"column":64}},"4":{"start":{"line":15,"column":19},"end":{"line":21,"column":2}},"5":{"start":{"line":17,"column":28},"end":{"line":17,"column":82}},"6":{"start":{"line":18,"column":22},"end":{"line":18,"column":70}},"7":{"start":{"line":19,"column":8},"end":{"line":19,"column":44}},"8":{"start":{"line":23,"column":22},"end":{"line":29,"column":1}},"9":{"start":{"line":24,"column":4},"end":{"line":24,"column":48}},"10":{"start":{"line":26,"column":4},"end":{"line":28,"column":13}},"11":{"start":{"line":27,"column":8},"end":{"line":27,"column":55}},"12":{"start":{"line":31,"column":0},"end":{"line":33,"column":3}},"13":{"start":{"line":32,"column":4},"end":{"line":32,"column":52}},"14":{"start":{"line":35,"column":0},"end":{"line":37,"column":3}},"15":{"start":{"line":36,"column":4},"end":{"line":36,"column":52}},"16":{"start":{"line":39,"column":0},"end":{"line":41,"column":3}},"17":{"start":{"line":40,"column":4},"end":{"line":40,"column":52}}},"fnMap":{"0":{"name":"(anonymous_0)","decl":{"start":{"line":4,"column":10},"end":{"line":4,"column":11}},"loc":{"start":{"line":4,"column":23},"end":{"line":6,"column":5}},"line":4},"1":{"name":"(anonymous_1)","decl":{"start":{"line":10,"column":10},"end":{"line":10,"column":11}},"loc":{"start":{"line":10,"column":23},"end":{"line":12,"column":5}},"line":10},"2":{"name":"(anonymous_2)","decl":{"start":{"line":16,"column":10},"end":{"line":16,"column":11}},"loc":{"start":{"line":16,"column":23},"end":{"line":20,"column":5}},"line":16},"3":{"name":"(anonymous_3)","decl":{"start":{"line":23,"column":22},"end":{"line":23,"column":23}},"loc":{"start":{"line":23,"column":33},"end":{"line":29,"column":1}},"line":23},"4":{"name":"(anonymous_4)","decl":{"start":{"line":26,"column":22},"end":{"line":26,"column":23}},"loc":{"start":{"line":26,"column":28},"end":{"line":28,"column":5}},"line":26},"5":{"name":"(anonymous_5)","decl":{"start":{"line":31,"column":30},"end":{"line":31,"column":31}},"loc":{"start":{"line":31,"column":39},"end":{"line":33,"column":1}},"line":31},"6":{"name":"(anonymous_6)","decl":{"start":{"line":35,"column":24},"end":{"line":35,"column":25}},"loc":{"start":{"line":35,"column":33},"end":{"line":37,"column":1}},"line":35},"7":{"name":"(anonymous_7)","decl":{"start":{"line":39,"column":25},"end":{"line":39,"column":26}},"loc":{"start":{"line":39,"column":34},"end":{"line":41,"column":1}},"line":39}},"branchMap":{},"s":{"0":4,"1":0,"2":4,"3":0,"4":4,"5":0,"6":0,"7":0,"8":4,"9":0,"10":0,"11":0,"12":4,"13":0,"14":4,"15":0,"16":4,"17":0},"f":{"0":0,"1":0,"2":0,"3":0,"4":0,"5":0,"6":0,"7":0},"b":{},"_coverageSchema":"1a1c01bbd47fc00a2c39e90264f33305004495a9","hash":"3debaa3bb10e03e7437be1de0ebda8b3e8d09f1d"}
,"/Users/gablaroc/code/personal/recipe-ipsum/src/js/fraction.js": {"path":"/Users/gablaroc/code/personal/recipe-ipsum/src/js/fraction.js","statementMap":{"0":{"start":{"line":1,"column":12},"end":{"line":5,"column":1}},"1":{"start":{"line":2,"column":4},"end":{"line":2,"column":32}},"2":{"start":{"line":2,"column":23},"end":{"line":2,"column":32}},"3":{"start":{"line":4,"column":4},"end":{"line":4,"column":37}},"4":{"start":{"line":7,"column":26},"end":{"line":19,"column":1}},"5":{"start":{"line":8,"column":16},"end":{"line":8,"column":45}},"6":{"start":{"line":10,"column":22},"end":{"line":10,"column":38}},"7":{"start":{"line":11,"column":20},"end":{"line":11,"column":41}},"8":{"start":{"line":13,"column":20},"end":{"line":13,"column":47}},"9":{"start":{"line":15,"column":4},"end":{"line":15,"column":25}},"10":{"start":{"line":16,"column":4},"end":{"line":16,"column":27}},"11":{"start":{"line":18,"column":4},"end":{"line":18,"column":65}}},"fnMap":{"0":{"name":"(anonymous_0)","decl":{"start":{"line":1,"column":12},"end":{"line":1,"column":13}},"loc":{"start":{"line":1,"column":27},"end":{"line":5,"column":1}},"line":1},"1":{"name":"(anonymous_1)","decl":{"start":{"line":7,"column":26},"end":{"line":7,"column":27}},"loc":{"start":{"line":7,"column":39},"end":{"line":19,"column":1}},"line":7}},"branchMap":{"0":{"loc":{"start":{"line":2,"column":4},"end":{"line":2,"column":32}},"type":"if","locations":[{"start":{"line":2,"column":4},"end":{"line":2,"column":32}},{"start":{"line":2,"column":4},"end":{"line":2,"column":32}}],"line":2}},"s":{"0":4,"1":49,"2":15,"3":34,"4":4,"5":15,"6":15,"7":15,"8":15,"9":15,"10":15,"11":15},"f":{"0":49,"1":15},"b":{"0":[15,34]},"_coverageSchema":"1a1c01bbd47fc00a2c39e90264f33305004495a9","hash":"1fc40a4bc0ed25bb3e5d1ddb70754e6a87107bfb"}
,"/Users/gablaroc/code/personal/recipe-ipsum/src/js/index.js": {"path":"/Users/gablaroc/code/personal/recipe-ipsum/src/js/index.js","statementMap":{"0":{"start":{"line":11,"column":0},"end":{"line":13,"column":2}},"1":{"start":{"line":12,"column":4},"end":{"line":12,"column":57}},"2":{"start":{"line":15,"column":13},"end":{"line":15,"column":58}},"3":{"start":{"line":16,"column":27},"end":{"line":16,"column":67}},"4":{"start":{"line":17,"column":21},"end":{"line":17,"column":55}},"5":{"start":{"line":19,"column":30},"end":{"line":19,"column":74}},"6":{"start":{"line":20,"column":24},"end":{"line":20,"column":62}},"7":{"start":{"line":21,"column":28},"end":{"line":21,"column":56}},"8":{"start":{"line":22,"column":22},"end":{"line":22,"column":50}},"9":{"start":{"line":24,"column":0},"end":{"line":24,"column":73}},"10":{"start":{"line":25,"column":0},"end":{"line":25,"column":61}},"11":{"start":{"line":27,"column":23},"end":{"line":49,"column":1}},"12":{"start":{"line":28,"column":4},"end":{"line":28,"column":27}},"13":{"start":{"line":29,"column":4},"end":{"line":29,"column":39}},"14":{"start":{"line":30,"column":4},"end":{"line":30,"column":33}},"15":{"start":{"line":32,"column":26},"end":{"line":32,"column":104}},"16":{"start":{"line":33,"column":20},"end":{"line":33,"column":91}},"17":{"start":{"line":35,"column":24},"end":{"line":35,"column":58}},"18":{"start":{"line":36,"column":18},"end":{"line":36,"column":53}},"19":{"start":{"line":38,"column":4},"end":{"line":40,"column":7}},"20":{"start":{"line":39,"column":8},"end":{"line":39,"column":100}},"21":{"start":{"line":42,"column":4},"end":{"line":44,"column":7}},"22":{"start":{"line":43,"column":8},"end":{"line":43,"column":53}},"23":{"start":{"line":46,"column":4},"end":{"line":46,"column":59}},"24":{"start":{"line":47,"column":4},"end":{"line":47,"column":47}},"25":{"start":{"line":48,"column":4},"end":{"line":48,"column":64}},"26":{"start":{"line":51,"column":28},"end":{"line":71,"column":1}},"27":{"start":{"line":52,"column":22},"end":{"line":52,"column":24}},"28":{"start":{"line":53,"column":29},"end":{"line":53,"column":48}},"29":{"start":{"line":54,"column":4},"end":{"line":68,"column":5}},"30":{"start":{"line":54,"column":17},"end":{"line":54,"column":18}},"31":{"start":{"line":55,"column":34},"end":{"line":55,"column":83}},"32":{"start":{"line":56,"column":36},"end":{"line":56,"column":61}},"33":{"start":{"line":57,"column":8},"end":{"line":57,"column":229}},"34":{"start":{"line":58,"column":31},"end":{"line":58,"column":58}},"35":{"start":{"line":59,"column":30},"end":{"line":59,"column":74}},"36":{"start":{"line":60,"column":8},"end":{"line":62,"column":9}},"37":{"start":{"line":61,"column":12},"end":{"line":61,"column":58}},"38":{"start":{"line":64,"column":8},"end":{"line":67,"column":11}},"39":{"start":{"line":70,"column":4},"end":{"line":70,"column":23}},"40":{"start":{"line":73,"column":28},"end":{"line":86,"column":1}},"41":{"start":{"line":74,"column":25},"end":{"line":74,"column":36}},"42":{"start":{"line":75,"column":20},"end":{"line":75,"column":55}},"43":{"start":{"line":76,"column":19},"end":{"line":76,"column":49}},"44":{"start":{"line":79,"column":4},"end":{"line":83,"column":5}},"45":{"start":{"line":80,"column":8},"end":{"line":80,"column":66}},"46":{"start":{"line":82,"column":8},"end":{"line":82,"column":96}},"47":{"start":{"line":85,"column":4},"end":{"line":85,"column":26}},"48":{"start":{"line":88,"column":22},"end":{"line":115,"column":1}},"49":{"start":{"line":89,"column":18},"end":{"line":89,"column":20}},"50":{"start":{"line":90,"column":25},"end":{"line":90,"column":38}},"51":{"start":{"line":92,"column":4},"end":{"line":112,"column":5}},"52":{"start":{"line":92,"column":17},"end":{"line":92,"column":18}},"53":{"start":{"line":93,"column":25},"end":{"line":93,"column":46}},"54":{"start":{"line":94,"column":26},"end":{"line":94,"column":58}},"55":{"start":{"line":96,"column":8},"end":{"line":98,"column":9}},"56":{"start":{"line":97,"column":12},"end":{"line":97,"column":46}},"57":{"start":{"line":100,"column":8},"end":{"line":109,"column":9}},"58":{"start":{"line":101,"column":26},"end":{"line":101,"column":47}},"59":{"start":{"line":102,"column":12},"end":{"line":106,"column":13}},"60":{"start":{"line":102,"column":25},"end":{"line":102,"column":26}},"61":{"start":{"line":103,"column":16},"end":{"line":105,"column":17}},"62":{"start":{"line":104,"column":20},"end":{"line":104,"column":97}},"63":{"start":{"line":108,"column":12},"end":{"line":108,"column":40}},"64":{"start":{"line":111,"column":8},"end":{"line":111,"column":30}},"65":{"start":{"line":114,"column":4},"end":{"line":114,"column":17}},"66":{"start":{"line":117,"column":0},"end":{"line":117,"column":48}}},"fnMap":{"0":{"name":"(anonymous_0)","decl":{"start":{"line":11,"column":25},"end":{"line":11,"column":26}},"loc":{"start":{"line":11,"column":37},"end":{"line":13,"column":1}},"line":11},"1":{"name":"(anonymous_1)","decl":{"start":{"line":27,"column":23},"end":{"line":27,"column":24}},"loc":{"start":{"line":27,"column":34},"end":{"line":49,"column":1}},"line":27},"2":{"name":"(anonymous_2)","decl":{"start":{"line":38,"column":24},"end":{"line":38,"column":25}},"loc":{"start":{"line":38,"column":38},"end":{"line":40,"column":5}},"line":38},"3":{"name":"(anonymous_3)","decl":{"start":{"line":42,"column":18},"end":{"line":42,"column":19}},"loc":{"start":{"line":42,"column":26},"end":{"line":44,"column":5}},"line":42},"4":{"name":"(anonymous_4)","decl":{"start":{"line":51,"column":28},"end":{"line":51,"column":29}},"loc":{"start":{"line":51,"column":47},"end":{"line":71,"column":1}},"line":51},"5":{"name":"(anonymous_5)","decl":{"start":{"line":73,"column":28},"end":{"line":73,"column":29}},"loc":{"start":{"line":73,"column":43},"end":{"line":86,"column":1}},"line":73},"6":{"name":"(anonymous_6)","decl":{"start":{"line":88,"column":22},"end":{"line":88,"column":23}},"loc":{"start":{"line":88,"column":48},"end":{"line":115,"column":1}},"line":88}},"branchMap":{"0":{"loc":{"start":{"line":32,"column":26},"end":{"line":32,"column":104}},"type":"binary-expr","locations":[{"start":{"line":32,"column":26},"end":{"line":32,"column":64}},{"start":{"line":32,"column":68},"end":{"line":32,"column":104}}],"line":32},"1":{"loc":{"start":{"line":33,"column":20},"end":{"line":33,"column":91}},"type":"binary-expr","locations":[{"start":{"line":33,"column":20},"end":{"line":33,"column":52}},{"start":{"line":33,"column":56},"end":{"line":33,"column":91}}],"line":33},"2":{"loc":{"start":{"line":57,"column":32},"end":{"line":57,"column":228}},"type":"cond-expr","locations":[{"start":{"line":57,"column":177},"end":{"line":57,"column":204}},{"start":{"line":57,"column":207},"end":{"line":57,"column":228}}],"line":57},"3":{"loc":{"start":{"line":57,"column":32},"end":{"line":57,"column":174}},"type":"binary-expr","locations":[{"start":{"line":57,"column":33},"end":{"line":57,"column":70}},{"start":{"line":57,"column":74},"end":{"line":57,"column":95}},{"start":{"line":57,"column":101},"end":{"line":57,"column":138}},{"start":{"line":57,"column":142},"end":{"line":57,"column":173}}],"line":57},"4":{"loc":{"start":{"line":60,"column":8},"end":{"line":62,"column":9}},"type":"if","locations":[{"start":{"line":60,"column":8},"end":{"line":62,"column":9}},{"start":{"line":60,"column":8},"end":{"line":62,"column":9}}],"line":60},"5":{"loc":{"start":{"line":79,"column":4},"end":{"line":83,"column":5}},"type":"if","locations":[{"start":{"line":79,"column":4},"end":{"line":83,"column":5}},{"start":{"line":79,"column":4},"end":{"line":83,"column":5}}],"line":79},"6":{"loc":{"start":{"line":80,"column":25},"end":{"line":80,"column":65}},"type":"cond-expr","locations":[{"start":{"line":80,"column":45},"end":{"line":80,"column":54}},{"start":{"line":80,"column":57},"end":{"line":80,"column":65}}],"line":80},"7":{"loc":{"start":{"line":82,"column":25},"end":{"line":82,"column":95}},"type":"cond-expr","locations":[{"start":{"line":82,"column":45},"end":{"line":82,"column":54}},{"start":{"line":82,"column":58},"end":{"line":82,"column":95}}],"line":82},"8":{"loc":{"start":{"line":96,"column":8},"end":{"line":98,"column":9}},"type":"if","locations":[{"start":{"line":96,"column":8},"end":{"line":98,"column":9}},{"start":{"line":96,"column":8},"end":{"line":98,"column":9}}],"line":96},"9":{"loc":{"start":{"line":100,"column":8},"end":{"line":109,"column":9}},"type":"if","locations":[{"start":{"line":100,"column":8},"end":{"line":109,"column":9}},{"start":{"line":100,"column":8},"end":{"line":109,"column":9}}],"line":100},"10":{"loc":{"start":{"line":103,"column":16},"end":{"line":105,"column":17}},"type":"if","locations":[{"start":{"line":103,"column":16},"end":{"line":105,"column":17}},{"start":{"line":103,"column":16},"end":{"line":105,"column":17}}],"line":103}},"s":{"0":4,"1":81,"2":4,"3":4,"4":4,"5":4,"6":4,"7":4,"8":4,"9":4,"10":4,"11":4,"12":2,"13":2,"14":2,"15":2,"16":2,"17":2,"18":2,"19":2,"20":15,"21":2,"22":10,"23":2,"24":2,"25":2,"26":4,"27":2,"28":2,"29":2,"30":2,"31":15,"32":15,"33":15,"34":15,"35":15,"36":15,"37":15,"38":15,"39":2,"40":4,"41":15,"42":15,"43":15,"44":15,"45":8,"46":7,"47":15,"48":4,"49":2,"50":2,"51":2,"52":2,"53":10,"54":10,"55":10,"56":10,"57":10,"58":6,"59":6,"60":6,"61":134,"62":26,"63":6,"64":10,"65":2,"66":4},"f":{"0":81,"1":2,"2":15,"3":10,"4":2,"5":15,"6":2},"b":{"0":[2,1],"1":[2,1],"2":[7,8],"3":[15,1,14,14],"4":[15,0],"5":[8,7],"6":[0,8],"7":[1,6],"8":[10,0],"9":[6,4],"10":[26,108]},"_coverageSchema":"1a1c01bbd47fc00a2c39e90264f33305004495a9","hash":"02bcb4cf6da9f1a6fcc81357ac59b8aebb9f1b26"}
,"/Users/gablaroc/code/personal/recipe-ipsum/src/js/words.js": {"path":"/Users/gablaroc/code/personal/recipe-ipsum/src/js/words.js","statementMap":{"0":{"start":{"line":1,"column":35},"end":{"line":3,"column":1}},"1":{"start":{"line":5,"column":32},"end":{"line":10,"column":1}},"2":{"start":{"line":12,"column":30},"end":{"line":24,"column":1}},"3":{"start":{"line":26,"column":24},"end":{"line":41,"column":1}}},"fnMap":{},"branchMap":{},"s":{"0":4,"1":4,"2":4,"3":4},"f":{},"b":{},"_coverageSchema":"1a1c01bbd47fc00a2c39e90264f33305004495a9","hash":"5a4db64f651efcbb1a14e542af44cfd9ce12bf9d"}
}
