TN:
SF:src/js/clipboard-management.js
FN:4,(anonymous_0)
FN:10,(anonymous_1)
FN:16,(anonymous_2)
FN:23,(anonymous_3)
FN:26,(anonymous_4)
FN:31,(anonymous_5)
FN:35,(anonymous_6)
FN:39,(anonymous_7)
FNF:8
FNH:0
FNDA:0,(anonymous_0)
FNDA:0,(anonymous_1)
FNDA:0,(anonymous_2)
FNDA:0,(anonymous_3)
FNDA:0,(anonymous_4)
FNDA:0,(anonymous_5)
FNDA:0,(anonymous_6)
FNDA:0,(anonymous_7)
DA:3,4
DA:5,0
DA:9,4
DA:11,0
DA:15,4
DA:17,0
DA:18,0
DA:19,0
DA:23,4
DA:24,0
DA:26,0
DA:27,0
DA:31,4
DA:32,0
DA:35,4
DA:36,0
DA:39,4
DA:40,0
LF:18
LH:7
BRF:0
BRH:0
end_of_record
TN:
SF:src/js/fraction.js
FN:1,(anonymous_0)
FN:7,(anonymous_1)
FNF:2
FNH:2
FNDA:49,(anonymous_0)
FNDA:15,(anonymous_1)
DA:1,4
DA:2,49
DA:4,34
DA:7,4
DA:8,15
DA:10,15
DA:11,15
DA:13,15
DA:15,15
DA:16,15
DA:18,15
LF:11
LH:11
BRDA:2,0,0,15
BRDA:2,0,1,34
BRF:2
BRH:2
end_of_record
TN:
SF:src/js/index.js
FN:11,(anonymous_0)
FN:27,(anonymous_1)
FN:38,(anonymous_2)
FN:42,(anonymous_3)
FN:51,(anonymous_4)
FN:73,(anonymous_5)
FN:88,(anonymous_6)
FNF:7
FNH:7
FNDA:81,(anonymous_0)
FNDA:2,(anonymous_1)
FNDA:15,(anonymous_2)
FNDA:10,(anonymous_3)
FNDA:2,(anonymous_4)
FNDA:15,(anonymous_5)
FNDA:2,(anonymous_6)
DA:11,4
DA:12,81
DA:15,4
DA:16,4
DA:17,4
DA:19,4
DA:20,4
DA:21,4
DA:22,4
DA:24,4
DA:25,4
DA:27,4
DA:28,2
DA:29,2
DA:30,2
DA:32,2
DA:33,2
DA:35,2
DA:36,2
DA:38,2
DA:39,15
DA:42,2
DA:43,10
DA:46,2
DA:47,2
DA:48,2
DA:51,4
DA:52,2
DA:53,2
DA:54,2
DA:55,15
DA:56,15
DA:57,15
DA:58,15
DA:59,15
DA:60,15
DA:61,15
DA:64,15
DA:70,2
DA:73,4
DA:74,15
DA:75,15
DA:76,15
DA:79,15
DA:80,8
DA:82,7
DA:85,15
DA:88,4
DA:89,2
DA:90,2
DA:92,2
DA:93,10
DA:94,10
DA:96,10
DA:97,10
DA:100,10
DA:101,6
DA:102,6
DA:103,134
DA:104,26
DA:108,6
DA:111,10
DA:114,2
DA:117,4
LF:64
LH:64
BRDA:32,0,0,2
BRDA:32,0,1,1
BRDA:33,1,0,2
BRDA:33,1,1,1
BRDA:57,2,0,7
BRDA:57,2,1,8
BRDA:57,3,0,15
BRDA:57,3,1,1
BRDA:57,3,2,14
BRDA:57,3,3,14
BRDA:60,4,0,15
BRDA:60,4,1,0
BRDA:79,5,0,8
BRDA:79,5,1,7
BRDA:80,6,0,0
BRDA:80,6,1,8
BRDA:82,7,0,1
BRDA:82,7,1,6
BRDA:96,8,0,10
BRDA:96,8,1,0
BRDA:100,9,0,6
BRDA:100,9,1,4
BRDA:103,10,0,26
BRDA:103,10,1,108
BRF:24
BRH:21
end_of_record
TN:
SF:src/js/words.js
FNF:0
FNH:0
DA:1,4
DA:5,4
DA:12,4
DA:26,4
LF:4
LH:4
BRF:0
BRH:0
end_of_record
